Removed Pin From Net: NetName=3,7V Pin=U7-1
Removed Pin From Net: NetName=GND Pin=U7-2
Removed Member From Class: ClassName=Sheet1 Member=U7
Added Component: Designator=U??(CONN-TH_2P-P2.50_XH-2A_3045048)
Add component (AddParameter): Name = "Add into BOM"; Value = "yes"; VariantName = "[No Variations]"
Add component (AddParameter): Name = "Convert to PCB"; Value = "yes"; VariantName = "[No Variations]"
Add component (AddParameter): Name = "Current Rating (Max)"; Value = "3A"; VariantName = "[No Variations]"
Add component (AddParameter): Name = "Datasheet"; Value = "https://atta.szlcsc.com/upload/public/pdf/source/20230718/3B4FABA5D38EFB02DAF74E7C2B33D98F.pdf"; VariantName = "[No Variations]"
Add component (AddParameter): Name = "Device"; Value = "WAFER-XH254Z-2A"; VariantName = "[No Variations]"
Add component (AddParameter): Name = "JLCPCB Part Class"; Value = "Extended Part"; VariantName = "[No Variations]"
Add component (AddParameter): Name = "LCSC Part Name"; Value = "WAFER-XH254Z-2A"; VariantName = "[No Variations]"
Add component (AddParameter): Name = "Manufacturer"; Value = "HANBO(??)"; VariantName = "[No Variations]"
Add component (AddParameter): Name = "Manufacturer Part"; Value = "WAFER-XH254Z-2A"; VariantName = "[No Variations]"
Add component (AddParameter): Name = "Mounting Style"; Value = "Straight"; VariantName = "[No Variations]"
Add component (AddParameter): Name = "Number of Pins"; Value = "2P"; VariantName = "[No Variations]"
Add component (AddParameter): Name = "Number of PINs Per Row"; Value = "2"; VariantName = "[No Variations]"
Add component (AddParameter): Name = "Number of Rows"; Value = "1"; VariantName = "[No Variations]"
Add component (AddParameter): Name = "Operating Temperature Range"; Value = "-25?~+85?"; VariantName = "[No Variations]"
Add component (AddParameter): Name = "Pins Structure"; Value = "1x2P"; VariantName = "[No Variations]"
Add component (AddParameter): Name = "Pitch"; Value = "2.54mm"; VariantName = "[No Variations]"
Add component (AddParameter): Name = "Reference Series"; Value = "XH"; VariantName = "[No Variations]"
Add component (AddParameter): Name = "Supplier"; Value = "LCSC"; VariantName = "[No Variations]"
Add component (AddParameter): Name = "Supplier Footprint"; Value = "??,P=2.5mm"; VariantName = "[No Variations]"
Add component (AddParameter): Name = "Supplier Part"; Value = "C7432682"; VariantName = "[No Variations]"
Add component (AddParameter): Name = "Symbol"; Value = "WAFER-XH254Z-2A"; VariantName = "[No Variations]"
Added Pin To Net: NetName=3,7V Pin=U??-1
Added Pin To Net: NetName=GND Pin=U??-2
Added Member To Class: ClassName=Sheet1 Member=Component U?? WAFER-XH254Z-2A
