Removed Pin From Net: NetName=DC1 Pin=U1-1
Removed Pin From Net: NetName=DC1 Pin=U1-1
Removed Pin From Net: NetName=RF1 Pin=U1-2
Removed Pin From Net: NetName=RF1 Pin=U1-2
Removed Pin From Net: NetName=RF1_P Pin=U1-3
Removed Pin From Net: NetName=RF1_P Pin=U1-3
Removed Pin From Net: NetName=RF1_N Pin=U1-4
Removed Pin From Net: NetName=RF1_N Pin=U1-4
Removed Pin From Net: NetName=RF2 Pin=U1-5
Removed Pin From Net: NetName=RF2 Pin=U1-5
Removed Pin From Net: NetName=NetC6_2 Pin=U1-6
Removed Pin From Net: NetName=NetC6_2 Pin=U1-6
Removed Pin From Net: NetName=NetC7_2 Pin=U1-7
Removed Pin From Net: NetName=NetC7_2 Pin=U1-7
Removed Pin From Net: NetName=NetC8_2 Pin=U1-8
Removed Pin From Net: NetName=NetC8_2 Pin=U1-8
Removed Pin From Net: NetName=NetC9_2 Pin=U1-9
Removed Pin From Net: NetName=NetC9_2 Pin=U1-9
Removed Pin From Net: NetName=NetC10_2 Pin=U1-10
Removed Pin From Net: NetName=NetC10_2 Pin=U1-10
Removed Pin From Net: NetName=NetC11_2 Pin=U1-11
Removed Pin From Net: NetName=NetC11_2 Pin=U1-11
Removed Pin From Net: NetName=NetC12_2 Pin=U1-12
Removed Pin From Net: NetName=NetC12_2 Pin=U1-12
Removed Pin From Net: NetName=DC9 Pin=U1-13
Removed Pin From Net: NetName=DC9 Pin=U1-13
Removed Pin From Net: NetName=RF3 Pin=U1-14
Removed Pin From Net: NetName=RF3 Pin=U1-14
Removed Pin From Net: NetName=RF2_N Pin=U1-15
Removed Pin From Net: NetName=RF2_N Pin=U1-15
Removed Pin From Net: NetName=RF2_P Pin=U1-16
Removed Pin From Net: NetName=RF2_P Pin=U1-16
Removed Pin From Net: NetName=RF4 Pin=U1-17
Removed Pin From Net: NetName=RF4 Pin=U1-17
Removed Pin From Net: NetName=NetC2_1 Pin=U1-18
Removed Pin From Net: NetName=NetC2_1 Pin=U1-18
Removed Pin From Net: NetName=NetC3_1 Pin=U1-19
Removed Pin From Net: NetName=NetC3_1 Pin=U1-19
Removed Pin From Net: NetName=NetC4_1 Pin=U1-20
Removed Pin From Net: NetName=NetC4_1 Pin=U1-20
Removed Pin From Net: NetName=NetC5_1 Pin=U1-21
Removed Pin From Net: NetName=NetC5_1 Pin=U1-21
Removed Pin From Net: NetName=NetC13_2 Pin=U1-22
Removed Pin From Net: NetName=NetC13_2 Pin=U1-22
Removed Pin From Net: NetName=NetC14_2 Pin=U1-23
Removed Pin From Net: NetName=NetC14_2 Pin=U1-23
Removed Pin From Net: NetName=NetC15_2 Pin=U1-24
Removed Pin From Net: NetName=NetC15_2 Pin=U1-24
Added Component: Designator=U?(2MM_8AC_16DC)
Added Pin To Net: NetName=DC1 Pin=U?-1
Added Pin To Net: NetName=DC1 Pin=U?-1
Added Pin To Net: NetName=RF1 Pin=U?-2
Added Pin To Net: NetName=RF1 Pin=U?-2
Added Pin To Net: NetName=RF1_P Pin=U?-3
Added Pin To Net: NetName=RF1_P Pin=U?-3
Added Pin To Net: NetName=RF1_N Pin=U?-4
Added Pin To Net: NetName=RF1_N Pin=U?-4
Added Pin To Net: NetName=RF2 Pin=U?-5
Added Pin To Net: NetName=RF2 Pin=U?-5
Added Pin To Net: NetName=NetC6_2 Pin=U?-6
Added Pin To Net: NetName=NetC6_2 Pin=U?-6
Added Pin To Net: NetName=NetC7_2 Pin=U?-7
Added Pin To Net: NetName=NetC7_2 Pin=U?-7
Added Pin To Net: NetName=NetC8_2 Pin=U?-8
Added Pin To Net: NetName=NetC8_2 Pin=U?-8
Added Pin To Net: NetName=NetC9_2 Pin=U?-9
Added Pin To Net: NetName=NetC9_2 Pin=U?-9
Added Pin To Net: NetName=NetC10_2 Pin=U?-10
Added Pin To Net: NetName=NetC10_2 Pin=U?-10
Added Pin To Net: NetName=NetC11_2 Pin=U?-11
Added Pin To Net: NetName=NetC11_2 Pin=U?-11
Added Pin To Net: NetName=NetC12_2 Pin=U?-12
Added Pin To Net: NetName=NetC12_2 Pin=U?-12
Added Pin To Net: NetName=DC9 Pin=U?-13
Added Pin To Net: NetName=DC9 Pin=U?-13
Added Pin To Net: NetName=RF3 Pin=U?-14
Added Pin To Net: NetName=RF3 Pin=U?-14
Added Pin To Net: NetName=RF2_N Pin=U?-15
Added Pin To Net: NetName=RF2_N Pin=U?-15
Added Pin To Net: NetName=RF2_P Pin=U?-16
Added Pin To Net: NetName=RF2_P Pin=U?-16
Added Pin To Net: NetName=RF4 Pin=U?-17
Added Pin To Net: NetName=RF4 Pin=U?-17
Added Pin To Net: NetName=NetC2_1 Pin=U?-18
Added Pin To Net: NetName=NetC2_1 Pin=U?-18
Added Pin To Net: NetName=NetC3_1 Pin=U?-19
Added Pin To Net: NetName=NetC3_1 Pin=U?-19
Added Pin To Net: NetName=NetC4_1 Pin=U?-20
Added Pin To Net: NetName=NetC4_1 Pin=U?-20
Added Pin To Net: NetName=NetC5_1 Pin=U?-21
Added Pin To Net: NetName=NetC5_1 Pin=U?-21
Added Pin To Net: NetName=NetC13_2 Pin=U?-22
Added Pin To Net: NetName=NetC13_2 Pin=U?-22
Added Pin To Net: NetName=NetC14_2 Pin=U?-23
Added Pin To Net: NetName=NetC14_2 Pin=U?-23
Added Pin To Net: NetName=NetC15_2 Pin=U?-24
Added Pin To Net: NetName=NetC15_2 Pin=U?-24
Added Member To Class: ClassName=sheet1 Member=Component U? 2mm_24p
