Added Pin To Net: NetName=GND Pin=C5-2
Added Pin To Net: NetName=GND Pin=C6-2
Added Pin To Net: NetName=GND Pin=C7-1
Added Pin To Net: NetName=GND Pin=C8-1
Added Pin To Net: NetName=GND Pin=C13-2
Added Pin To Net: NetName=GND Pin=C14-2
Added Pin To Net: NetName=GND Pin=C15-2
Added Pin To Net: NetName=GND Pin=C16-2
Added Pin To Net: NetName=GND Pin=C17-2
Added Pin To Net: NetName=GND Pin=C18-2
Added Pin To Net: NetName=GND Pin=C19-1
Added Pin To Net: NetName=GND Pin=C20-1
Added Pin To Net: NetName=GND Pin=C21-1
Added Pin To Net: NetName=GND Pin=C22-1
Added Pin To Net: NetName=GND Pin=C23-1
Added Pin To Net: NetName=GND Pin=C24-1
Added Pin To Net: NetName=NetC5_1 Pin=C5-1
Added Pin To Net: NetName=NetC5_1 Pin=H1-5
Added Pin To Net: NetName=NetC5_1 Pin=U1-17
Added Pin To Net: NetName=NetC5_1 Pin=U1-17
Added Net: Name=NetC5_1
Added Pin To Net: NetName=NetC6_1 Pin=C6-1
Added Pin To Net: NetName=NetC6_1 Pin=H1-6
Added Pin To Net: NetName=NetC6_1 Pin=U1-18
Added Pin To Net: NetName=NetC6_1 Pin=U1-18
Added Net: Name=NetC6_1
Added Pin To Net: NetName=NetC7_2 Pin=C7-2
Added Pin To Net: NetName=NetC7_2 Pin=H1-7
Added Pin To Net: NetName=NetC7_2 Pin=U1-19
Added Pin To Net: NetName=NetC7_2 Pin=U1-19
Added Net: Name=NetC7_2
Added Pin To Net: NetName=NetC8_2 Pin=C8-2
Added Pin To Net: NetName=NetC8_2 Pin=H1-8
Added Pin To Net: NetName=NetC8_2 Pin=U1-20
Added Pin To Net: NetName=NetC8_2 Pin=U1-20
Added Net: Name=NetC8_2
Added Pin To Net: NetName=NetC13_1 Pin=C13-1
Added Pin To Net: NetName=NetC13_1 Pin=H2-1
Added Pin To Net: NetName=NetC13_1 Pin=U1-37
Added Pin To Net: NetName=NetC13_1 Pin=U1-37
Added Net: Name=NetC13_1
Added Pin To Net: NetName=NetC14_1 Pin=C14-1
Added Pin To Net: NetName=NetC14_1 Pin=H2-2
Added Pin To Net: NetName=NetC14_1 Pin=U1-38
Added Pin To Net: NetName=NetC14_1 Pin=U1-38
Added Net: Name=NetC14_1
Added Pin To Net: NetName=NetC15_1 Pin=C15-1
Added Pin To Net: NetName=NetC15_1 Pin=H2-3
Added Pin To Net: NetName=NetC15_1 Pin=U1-39
Added Pin To Net: NetName=NetC15_1 Pin=U1-39
Added Net: Name=NetC15_1
Added Pin To Net: NetName=NetC16_1 Pin=C16-1
Added Pin To Net: NetName=NetC16_1 Pin=H2-4
Added Pin To Net: NetName=NetC16_1 Pin=U1-40
Added Pin To Net: NetName=NetC16_1 Pin=U1-40
Added Net: Name=NetC16_1
Added Pin To Net: NetName=NetC17_1 Pin=C17-1
Added Pin To Net: NetName=NetC17_1 Pin=H2-5
Added Pin To Net: NetName=NetC17_1 Pin=U1-41
Added Pin To Net: NetName=NetC17_1 Pin=U1-41
Added Net: Name=NetC17_1
Added Pin To Net: NetName=NetC18_1 Pin=C18-1
Added Pin To Net: NetName=NetC18_1 Pin=H2-6
Added Pin To Net: NetName=NetC18_1 Pin=U1-42
Added Pin To Net: NetName=NetC18_1 Pin=U1-42
Added Net: Name=NetC18_1
Added Pin To Net: NetName=NetC19_2 Pin=C19-2
Added Pin To Net: NetName=NetC19_2 Pin=H2-7
Added Pin To Net: NetName=NetC19_2 Pin=U1-43
Added Pin To Net: NetName=NetC19_2 Pin=U1-43
Added Net: Name=NetC19_2
Added Pin To Net: NetName=NetC20_2 Pin=C20-2
Added Pin To Net: NetName=NetC20_2 Pin=H2-8
Added Pin To Net: NetName=NetC20_2 Pin=U1-44
Added Pin To Net: NetName=NetC20_2 Pin=U1-44
Added Net: Name=NetC20_2
Added Pin To Net: NetName=NetC21_2 Pin=C21-2
Added Pin To Net: NetName=NetC21_2 Pin=H2-9
Added Pin To Net: NetName=NetC21_2 Pin=U1-45
Added Pin To Net: NetName=NetC21_2 Pin=U1-45
Added Net: Name=NetC21_2
Added Pin To Net: NetName=NetC22_2 Pin=C22-2
Added Pin To Net: NetName=NetC22_2 Pin=H2-10
Added Pin To Net: NetName=NetC22_2 Pin=U1-46
Added Pin To Net: NetName=NetC22_2 Pin=U1-46
Added Net: Name=NetC22_2
Added Pin To Net: NetName=NetC23_2 Pin=C23-2
Added Pin To Net: NetName=NetC23_2 Pin=H2-11
Added Pin To Net: NetName=NetC23_2 Pin=U1-47
Added Pin To Net: NetName=NetC23_2 Pin=U1-47
Added Net: Name=NetC23_2
Added Pin To Net: NetName=NetC24_2 Pin=C24-2
Added Pin To Net: NetName=NetC24_2 Pin=H2-12
Added Pin To Net: NetName=NetC24_2 Pin=U1-48
Added Pin To Net: NetName=NetC24_2 Pin=U1-48
Added Net: Name=NetC24_2
Added Member To Class: ClassName=sheet1 Member=Component C24 C0603
