Removed Pin From Net: NetName=GND Pin=C16-1
Removed Pin From Net: NetName=NetC6_2 Pin=H1-2
Removed Pin From Net: NetName=NetC7_2 Pin=H1-3
Removed Pin From Net: NetName=NetC8_2 Pin=H1-4
Removed Pin From Net: NetName=NetC9_2 Pin=H1-5
Removed Pin From Net: NetName=NetC10_2 Pin=H1-6
Removed Pin From Net: NetName=NetC11_2 Pin=H1-7
Removed Pin From Net: NetName=NetC12_2 Pin=H1-8
Removed Pin From Net: NetName=RF3 Pin=U1-13
Removed Pin From Net: NetName=RF3 Pin=U1-13
Removed Pin From Net: NetName=RF2_N Pin=U1-14
Removed Pin From Net: NetName=RF2_N Pin=U1-14
Removed Pin From Net: NetName=RF2_P Pin=U1-15
Removed Pin From Net: NetName=RF2_P Pin=U1-15
Removed Pin From Net: NetName=RF4 Pin=U1-16
Removed Pin From Net: NetName=RF4 Pin=U1-16
Removed Pin From Net: NetName=NetC2_1 Pin=U1-17
Removed Pin From Net: NetName=NetC2_1 Pin=U1-17
Removed Pin From Net: NetName=NetC3_1 Pin=U1-18
Removed Pin From Net: NetName=NetC3_1 Pin=U1-18
Removed Pin From Net: NetName=NetC4_1 Pin=U1-19
Removed Pin From Net: NetName=NetC4_1 Pin=U1-19
Removed Pin From Net: NetName=NetC5_1 Pin=U1-20
Removed Pin From Net: NetName=NetC5_1 Pin=U1-20
Removed Pin From Net: NetName=NetC13_2 Pin=U1-21
Removed Pin From Net: NetName=NetC13_2 Pin=U1-21
Removed Pin From Net: NetName=NetC14_2 Pin=U1-22
Removed Pin From Net: NetName=NetC14_2 Pin=U1-22
Removed Pin From Net: NetName=NetC15_2 Pin=U1-23
Removed Pin From Net: NetName=NetC15_2 Pin=U1-23
Added Pin To Net: NetName=GND Pin=C16-2
Added Pin To Net: NetName=NetC6_2 Pin=H1-1
Added Pin To Net: NetName=NetC7_2 Pin=H1-2
Added Pin To Net: NetName=NetC8_2 Pin=H1-3
Added Pin To Net: NetName=NetC9_2 Pin=H1-4
Added Pin To Net: NetName=NetC10_2 Pin=H1-5
Added Pin To Net: NetName=NetC11_2 Pin=H1-6
Added Pin To Net: NetName=NetC12_2 Pin=H1-7
Added Pin To Net: NetName=RF3 Pin=U1-14
Added Pin To Net: NetName=RF3 Pin=U1-14
Added Pin To Net: NetName=RF2_N Pin=U1-15
Added Pin To Net: NetName=RF2_N Pin=U1-15
Added Pin To Net: NetName=RF2_P Pin=U1-16
Added Pin To Net: NetName=RF2_P Pin=U1-16
Added Pin To Net: NetName=RF4 Pin=U1-17
Added Pin To Net: NetName=RF4 Pin=U1-17
Added Pin To Net: NetName=NetC2_1 Pin=U1-18
Added Pin To Net: NetName=NetC2_1 Pin=U1-18
Added Pin To Net: NetName=NetC3_1 Pin=U1-19
Added Pin To Net: NetName=NetC3_1 Pin=U1-19
Added Pin To Net: NetName=NetC4_1 Pin=U1-20
Added Pin To Net: NetName=NetC4_1 Pin=U1-20
Added Pin To Net: NetName=NetC5_1 Pin=U1-21
Added Pin To Net: NetName=NetC5_1 Pin=U1-21
Added Pin To Net: NetName=NetC13_2 Pin=U1-22
Added Pin To Net: NetName=NetC13_2 Pin=U1-22
Added Pin To Net: NetName=NetC14_2 Pin=U1-23
Added Pin To Net: NetName=NetC14_2 Pin=U1-23
Added Pin To Net: NetName=NetC15_2 Pin=U1-24
Added Pin To Net: NetName=NetC15_2 Pin=U1-24
Added Pin To Net: NetName=DC1 Pin=C1-1
Added Pin To Net: NetName=DC1 Pin=H1-8
Added Pin To Net: NetName=DC1 Pin=U1-1
Added Pin To Net: NetName=DC1 Pin=U1-1
Added Net: Name=DC1
Added Pin To Net: NetName=DC9 Pin=C16-1
Added Pin To Net: NetName=DC9 Pin=H2-8
Added Pin To Net: NetName=DC9 Pin=U1-13
Added Pin To Net: NetName=DC9 Pin=U1-13
Added Net: Name=DC9
Added Member To Class: ClassName=sheet1 Member=Component S7 BWSMA
Added Member To Class: ClassName=sheet1 Member=Component S8 BWSMA
