Added Component: Designator=C1(C0603)
Added Component: Designator=C2(C0603)
Added Component: Designator=C3(C0603)
Added Component: Designator=C4(C0603)
Added Component: Designator=C5(C0603)
Added Component: Designator=C6(C0603)
Added Component: Designator=C7(C0603)
Added Component: Designator=C8(C0603)
Added Component: Designator=C9(C0603)
Added Component: Designator=C10(C0603)
Added Component: Designator=C11(C0603)
Added Component: Designator=C12(C0603)
Added Component: Designator=C13(C0603)
Added Component: Designator=C14(C0603)
Added Component: Designator=C15(C0603)
Added Component: Designator=C16(C0603)
Add Component: Footprint Not Found 8P
Add Component: Footprint Not Found 8P
Add Component: Footprint Not Found BWSMA
Add Component: Footprint Not Found BWSMA
Add Component: Footprint Not Found BWSMA
Add Component: Footprint Not Found BWSMA
Add Component: Footprint Not Found BWSMA
Add Component: Footprint Not Found BWSMA
Add Component: Footprint Not Found BWSMA
Add Component: Footprint Not Found BWSMA
Add Component: Footprint Not Found BWSMA
Add Component: Footprint Not Found BWSMA
Add Component: Footprint Not Found BWSMA
Add Component: Footprint Not Found BWSMA
Add Component: Footprint Not Found BWSMA
Add Component: Footprint Not Found BWSMA
Added Component: Designator=U1(2MM_8AC_16DC)
Added Pin To Net: NetName=DC1 Pin=C1-1
Added Pin To Net: NetName=DC1 Pin=U1-1
Added Pin To Net: NetName=DC1 Pin=U1-1
Added Net: Name=DC1
Added Pin To Net: NetName=DC9 Pin=C16-1
Added Pin To Net: NetName=DC9 Pin=U1-13
Added Pin To Net: NetName=DC9 Pin=U1-13
Added Net: Name=DC9
Added Pin To Net: NetName=GND Pin=C1-2
Added Pin To Net: NetName=GND Pin=C2-2
Added Pin To Net: NetName=GND Pin=C3-2
Added Pin To Net: NetName=GND Pin=C4-2
Added Pin To Net: NetName=GND Pin=C5-2
Added Pin To Net: NetName=GND Pin=C6-1
Added Pin To Net: NetName=GND Pin=C7-1
Added Pin To Net: NetName=GND Pin=C8-1
Added Pin To Net: NetName=GND Pin=C9-1
Added Pin To Net: NetName=GND Pin=C10-1
Added Pin To Net: NetName=GND Pin=C11-1
Added Pin To Net: NetName=GND Pin=C12-1
Added Pin To Net: NetName=GND Pin=C13-1
Added Pin To Net: NetName=GND Pin=C14-1
Added Pin To Net: NetName=GND Pin=C15-1
Added Pin To Net: NetName=GND Pin=C16-2
Added Net: Name=GND
Added Pin To Net: NetName=NetC2_1 Pin=C2-1
Added Pin To Net: NetName=NetC2_1 Pin=U1-18
Added Pin To Net: NetName=NetC2_1 Pin=U1-18
Added Net: Name=NetC2_1
Added Pin To Net: NetName=NetC3_1 Pin=C3-1
Added Pin To Net: NetName=NetC3_1 Pin=U1-19
Added Pin To Net: NetName=NetC3_1 Pin=U1-19
Added Net: Name=NetC3_1
Added Pin To Net: NetName=NetC4_1 Pin=C4-1
Added Pin To Net: NetName=NetC4_1 Pin=U1-20
Added Pin To Net: NetName=NetC4_1 Pin=U1-20
Added Net: Name=NetC4_1
Added Pin To Net: NetName=NetC5_1 Pin=C5-1
Added Pin To Net: NetName=NetC5_1 Pin=U1-21
Added Pin To Net: NetName=NetC5_1 Pin=U1-21
Added Net: Name=NetC5_1
Added Pin To Net: NetName=NetC6_2 Pin=C6-2
Added Pin To Net: NetName=NetC6_2 Pin=U1-6
Added Pin To Net: NetName=NetC6_2 Pin=U1-6
Added Net: Name=NetC6_2
Added Pin To Net: NetName=NetC7_2 Pin=C7-2
Added Pin To Net: NetName=NetC7_2 Pin=U1-7
Added Pin To Net: NetName=NetC7_2 Pin=U1-7
Added Net: Name=NetC7_2
Added Pin To Net: NetName=NetC8_2 Pin=C8-2
Added Pin To Net: NetName=NetC8_2 Pin=U1-8
Added Pin To Net: NetName=NetC8_2 Pin=U1-8
Added Net: Name=NetC8_2
Added Pin To Net: NetName=NetC9_2 Pin=C9-2
Added Pin To Net: NetName=NetC9_2 Pin=U1-9
Added Pin To Net: NetName=NetC9_2 Pin=U1-9
Added Net: Name=NetC9_2
Added Pin To Net: NetName=NetC10_2 Pin=C10-2
Added Pin To Net: NetName=NetC10_2 Pin=U1-10
Added Pin To Net: NetName=NetC10_2 Pin=U1-10
Added Net: Name=NetC10_2
Added Pin To Net: NetName=NetC11_2 Pin=C11-2
Added Pin To Net: NetName=NetC11_2 Pin=U1-11
Added Pin To Net: NetName=NetC11_2 Pin=U1-11
Added Net: Name=NetC11_2
Added Pin To Net: NetName=NetC12_2 Pin=C12-2
Added Pin To Net: NetName=NetC12_2 Pin=U1-12
Added Pin To Net: NetName=NetC12_2 Pin=U1-12
Added Net: Name=NetC12_2
Added Pin To Net: NetName=NetC13_2 Pin=C13-2
Added Pin To Net: NetName=NetC13_2 Pin=U1-22
Added Pin To Net: NetName=NetC13_2 Pin=U1-22
Added Net: Name=NetC13_2
Added Pin To Net: NetName=NetC14_2 Pin=C14-2
Added Pin To Net: NetName=NetC14_2 Pin=U1-23
Added Pin To Net: NetName=NetC14_2 Pin=U1-23
Added Net: Name=NetC14_2
Added Pin To Net: NetName=NetC15_2 Pin=C15-2
Added Pin To Net: NetName=NetC15_2 Pin=U1-24
Added Pin To Net: NetName=NetC15_2 Pin=U1-24
Added Net: Name=NetC15_2
Added Net: Name=NetS9_5
Added Pin To Net: NetName=RF1_N Pin=U1-4
Added Pin To Net: NetName=RF1_N Pin=U1-4
Added Net: Name=RF1_N
Added Pin To Net: NetName=RF1_P Pin=U1-3
Added Pin To Net: NetName=RF1_P Pin=U1-3
Added Net: Name=RF1_P
Added Pin To Net: NetName=RF1 Pin=U1-2
Added Pin To Net: NetName=RF1 Pin=U1-2
Added Net: Name=RF1
Added Pin To Net: NetName=RF2_N Pin=U1-15
Added Pin To Net: NetName=RF2_N Pin=U1-15
Added Net: Name=RF2_N
Added Pin To Net: NetName=RF2_P Pin=U1-16
Added Pin To Net: NetName=RF2_P Pin=U1-16
Added Net: Name=RF2_P
Added Pin To Net: NetName=RF2 Pin=U1-5
Added Pin To Net: NetName=RF2 Pin=U1-5
Added Net: Name=RF2
Added Pin To Net: NetName=RF3 Pin=U1-14
Added Pin To Net: NetName=RF3 Pin=U1-14
Added Net: Name=RF3
Added Pin To Net: NetName=RF4 Pin=U1-17
Added Pin To Net: NetName=RF4 Pin=U1-17
Added Net: Name=RF4
Added Net: Name=RF_N
Added Net: Name=RF_P
Added Class: Name=sheet1
Added Differential Pair: Name=RF1
Added Differential Pair: Name=RF2
Added Differential Pair: Name=RF
Added Rule: Name=Schematic Supply Nets
