Removed Pin From Net: NetName=NetC1_1 Pin=-1
Removed Pin From Net: NetName=NetC2_1 Pin=-2
Removed Pin From Net: NetName=NetC3_1 Pin=-3
Removed Pin From Net: NetName=NetC4_1 Pin=-4
Removed Pin From Net: NetName=NetC5_1 Pin=-5
Removed Pin From Net: NetName=NetC7_2 Pin=-7
Removed Pin From Net: NetName=NetC8_2 Pin=-8
Removed Pin From Net: NetName=NetC9_2 Pin=-9
Removed Pin From Net: NetName=NetC10_2 Pin=-10
Removed Pin From Net: NetName=NetC11_2 Pin=-11
Removed Pin From Net: NetName=NetC12_2 Pin=-12
Removed Pin From Net: NetName=GND Pin=C6-2
Removed Pin From Net: NetName=GND Pin=C13-2
Removed Pin From Net: NetName=GND Pin=C14-2
Removed Pin From Net: NetName=GND Pin=C15-2
Removed Pin From Net: NetName=GND Pin=C16-2
Removed Pin From Net: NetName=GND Pin=C17-2
Removed Pin From Net: NetName=GND Pin=C18-2
Removed Pin From Net: NetName=GND Pin=C19-1
Removed Pin From Net: NetName=GND Pin=C20-1
Removed Pin From Net: NetName=GND Pin=C21-1
Removed Pin From Net: NetName=GND Pin=C22-1
Removed Pin From Net: NetName=GND Pin=C23-1
Removed Pin From Net: NetName=GND Pin=C24-1
Removed Pin From Net: NetName=RF1 Pin=Chip-1
Removed Pin From Net: NetName=RF1 Pin=Chip-1
Removed Pin From Net: NetName=RF2 Pin=Chip-2
Removed Pin From Net: NetName=RF2 Pin=Chip-2
Removed Pin From Net: NetName=NetC1_1 Pin=Chip-13
Removed Pin From Net: NetName=NetC1_1 Pin=Chip-13
Removed Pin From Net: NetName=NetC2_1 Pin=Chip-14
Removed Pin From Net: NetName=NetC2_1 Pin=Chip-14
Removed Pin From Net: NetName=NetC3_1 Pin=Chip-15
Removed Pin From Net: NetName=NetC3_1 Pin=Chip-15
Removed Pin From Net: NetName=NetC4_1 Pin=Chip-16
Removed Pin From Net: NetName=NetC4_1 Pin=Chip-16
Removed Pin From Net: NetName=NetC5_1 Pin=Chip-17
Removed Pin From Net: NetName=NetC5_1 Pin=Chip-17
Removed Pin From Net: NetName=NetC7_2 Pin=Chip-19
Removed Pin From Net: NetName=NetC7_2 Pin=Chip-19
Removed Pin From Net: NetName=NetC8_2 Pin=Chip-20
Removed Pin From Net: NetName=NetC8_2 Pin=Chip-20
Removed Pin From Net: NetName=NetC9_2 Pin=Chip-21
Removed Pin From Net: NetName=NetC9_2 Pin=Chip-21
Removed Pin From Net: NetName=NetC10_2 Pin=Chip-22
Removed Pin From Net: NetName=NetC10_2 Pin=Chip-22
Removed Pin From Net: NetName=NetC11_2 Pin=Chip-23
Removed Pin From Net: NetName=NetC11_2 Pin=Chip-23
Removed Pin From Net: NetName=NetC12_2 Pin=Chip-24
Removed Pin From Net: NetName=NetC12_2 Pin=Chip-24
Removed Pin From Net: NetName=GND Pin=RX-1
Remove Pin from Net: Failed to remove Pin
Removed Pin From Net: NetName=GND Pin=RX-2
Remove Pin from Net: Failed to remove Pin
Removed Pin From Net: NetName=GND Pin=RX-3
Remove Pin from Net: Failed to remove Pin
Removed Pin From Net: NetName=GND Pin=RX-4
Remove Pin from Net: Failed to remove Pin
Removed Pin From Net: NetName=GND Pin=S2-1
Removed Pin From Net: NetName=GND Pin=S2-2
Removed Pin From Net: NetName=GND Pin=S2-3
Removed Pin From Net: NetName=GND Pin=S2-4
Removed Pin From Net: NetName=RF2 Pin=S2-5
Removed Pin From Net: NetName=GND Pin=S3-1
Removed Pin From Net: NetName=GND Pin=S3-2
Removed Pin From Net: NetName=GND Pin=S3-3
Removed Pin From Net: NetName=GND Pin=S3-4
Removed Pin From Net: NetName=GND Pin=S4-1
Removed Pin From Net: NetName=GND Pin=S4-2
Removed Pin From Net: NetName=GND Pin=S4-3
Removed Pin From Net: NetName=GND Pin=S4-4
Removed Pin From Net: NetName=GND Pin=S9-1
Removed Pin From Net: NetName=GND Pin=S9-2
Removed Pin From Net: NetName=GND Pin=S9-3
Removed Pin From Net: NetName=GND Pin=S9-4
Removed Pin From Net: NetName=GND Pin=S10-1
Removed Pin From Net: NetName=GND Pin=S10-2
Removed Pin From Net: NetName=GND Pin=S10-3
Removed Pin From Net: NetName=GND Pin=S10-4
Removed Pin From Net: NetName=GND Pin=S11-1
Removed Pin From Net: NetName=GND Pin=S11-2
Removed Pin From Net: NetName=GND Pin=S11-3
Removed Pin From Net: NetName=GND Pin=S11-4
Removed Pin From Net: NetName=GND Pin=S13-1
Removed Pin From Net: NetName=GND Pin=S13-2
Removed Pin From Net: NetName=GND Pin=S13-3
Removed Pin From Net: NetName=GND Pin=S13-4
Removed Pin From Net: NetName=GND Pin=S14-1
Removed Pin From Net: NetName=GND Pin=S14-2
Removed Pin From Net: NetName=GND Pin=S14-3
Removed Pin From Net: NetName=GND Pin=S14-4
Removed Pin From Net: NetName=GND Pin=S16-1
Removed Pin From Net: NetName=GND Pin=S16-2
Removed Pin From Net: NetName=GND Pin=S16-3
Removed Pin From Net: NetName=GND Pin=S16-4
Removed Pin From Net: NetName=GND Pin=S21-1
Removed Pin From Net: NetName=GND Pin=S21-2
Removed Pin From Net: NetName=GND Pin=S21-3
Removed Pin From Net: NetName=GND Pin=S21-4
Removed Pin From Net: NetName=GND Pin=S23-1
Removed Pin From Net: NetName=GND Pin=S23-2
Removed Pin From Net: NetName=GND Pin=S23-3
Removed Pin From Net: NetName=GND Pin=S23-4
Removed Pin From Net: NetName=GND Pin=S24-1
Removed Pin From Net: NetName=GND Pin=S24-2
Removed Pin From Net: NetName=GND Pin=S24-3
Removed Pin From Net: NetName=GND Pin=S24-4
Removed Pin From Net: NetName=GND Pin=TX-1
Remove Pin from Net: Failed to remove Pin
Removed Pin From Net: NetName=GND Pin=TX-2
Remove Pin from Net: Failed to remove Pin
Removed Pin From Net: NetName=GND Pin=TX-3
Remove Pin from Net: Failed to remove Pin
Removed Pin From Net: NetName=GND Pin=TX-4
Remove Pin from Net: Failed to remove Pin
Removed Member From Class: ClassName=sheet1 Member=C17
Removed Member From Class: ClassName=sheet1 Member=C18
Removed Member From Class: ClassName=sheet1 Member=C19
Removed Member From Class: ClassName=sheet1 Member=C20
Removed Member From Class: ClassName=sheet1 Member=C21
Removed Member From Class: ClassName=sheet1 Member=C22
Removed Member From Class: ClassName=sheet1 Member=C23
Removed Member From Class: ClassName=sheet1 Member=C24
Removed Member From Class: ClassName=sheet1 Member=Chip
Removed Member From Class: ClassName=sheet1 Member=DC
Removed Member From Class: ClassName=sheet1 Member=
Removed Member From Class: ClassName=sheet1 Member=S2
Removed Member From Class: ClassName=sheet1 Member=S3
Removed Member From Class: ClassName=sheet1 Member=S4
Removed Member From Class: ClassName=sheet1 Member=S9
Removed Member From Class: ClassName=sheet1 Member=S10
Removed Member From Class: ClassName=sheet1 Member=S11
Removed Member From Class: ClassName=sheet1 Member=S13
Removed Member From Class: ClassName=sheet1 Member=S14
Removed Member From Class: ClassName=sheet1 Member=S16
Removed Member From Class: ClassName=sheet1 Member=S21
Removed Member From Class: ClassName=sheet1 Member=S23
Removed Member From Class: ClassName=sheet1 Member=S24
Removed Member From Class: ClassName=sheet1 Member=TX
Change Footprint: Footprint Not Found C0603
Change Component Designator: OldDesignator=RX NewDesignator=S7
Change Component Designator: OldDesignator=RX NewDesignator=S8
Change Component Designator: OldDesignator=RX NewDesignator=S27
Change Component Designator: OldDesignator=RX NewDesignator=S29
Change Component Designator: OldDesignator=TX NewDesignator=S5
Change Component Designator: OldDesignator=TX NewDesignator=S6
Change Component Designator: OldDesignator=TX NewDesignator=S28
Change Component Designator: OldDesignator=TX NewDesignator=S30
Added Component: Designator=H1(8P)
Added Component: Designator=H2(8P)
Added Component: Designator=U1(2MM_8AC_16DC)
Added Pin To Net: NetName=GND Pin=C6-1
Added Pin To Net: NetName=GND Pin=C13-1
Added Pin To Net: NetName=GND Pin=C14-1
Added Pin To Net: NetName=GND Pin=C15-1
Added Pin To Net: NetName=GND Pin=C16-1
Added Pin To Net: NetName=NetC1_1 Pin=H1-1
Added Pin To Net: NetName=NetC7_2 Pin=H1-3
Added Pin To Net: NetName=NetC8_2 Pin=H1-4
Added Pin To Net: NetName=NetC9_2 Pin=H1-5
Added Pin To Net: NetName=NetC10_2 Pin=H1-6
Added Pin To Net: NetName=NetC11_2 Pin=H1-7
Added Pin To Net: NetName=NetC12_2 Pin=H1-8
Added Pin To Net: NetName=NetC2_1 Pin=H2-1
Added Pin To Net: NetName=NetC3_1 Pin=H2-2
Added Pin To Net: NetName=NetC4_1 Pin=H2-3
Added Pin To Net: NetName=NetC5_1 Pin=H2-4
Added Pin To Net: NetName=RF2 Pin=S15-5
Added Pin To Net: NetName=NetC1_1 Pin=U1-1
Added Pin To Net: NetName=NetC1_1 Pin=U1-1
Added Pin To Net: NetName=RF1 Pin=U1-2
Added Pin To Net: NetName=RF1 Pin=U1-2
Added Pin To Net: NetName=RF2 Pin=U1-5
Added Pin To Net: NetName=RF2 Pin=U1-5
Added Pin To Net: NetName=NetC7_2 Pin=U1-7
Added Pin To Net: NetName=NetC7_2 Pin=U1-7
Added Pin To Net: NetName=NetC8_2 Pin=U1-8
Added Pin To Net: NetName=NetC8_2 Pin=U1-8
Added Pin To Net: NetName=NetC9_2 Pin=U1-9
Added Pin To Net: NetName=NetC9_2 Pin=U1-9
Added Pin To Net: NetName=NetC10_2 Pin=U1-10
Added Pin To Net: NetName=NetC10_2 Pin=U1-10
Added Pin To Net: NetName=NetC11_2 Pin=U1-11
Added Pin To Net: NetName=NetC11_2 Pin=U1-11
Added Pin To Net: NetName=NetC12_2 Pin=U1-12
Added Pin To Net: NetName=NetC12_2 Pin=U1-12
Added Pin To Net: NetName=NetC2_1 Pin=U1-17
Added Pin To Net: NetName=NetC2_1 Pin=U1-17
Added Pin To Net: NetName=NetC3_1 Pin=U1-18
Added Pin To Net: NetName=NetC3_1 Pin=U1-18
Added Pin To Net: NetName=NetC4_1 Pin=U1-19
Added Pin To Net: NetName=NetC4_1 Pin=U1-19
Added Pin To Net: NetName=NetC5_1 Pin=U1-20
Added Pin To Net: NetName=NetC5_1 Pin=U1-20
Added Pin To Net: NetName=NetC6_2 Pin=C6-2
Added Pin To Net: NetName=NetC6_2 Pin=H1-2
Added Pin To Net: NetName=NetC6_2 Pin=U1-6
Added Pin To Net: NetName=NetC6_2 Pin=U1-6
Added Net: Name=NetC6_2
Added Pin To Net: NetName=NetC13_2 Pin=C13-2
Added Pin To Net: NetName=NetC13_2 Pin=H2-5
Added Pin To Net: NetName=NetC13_2 Pin=U1-21
Added Pin To Net: NetName=NetC13_2 Pin=U1-21
Added Net: Name=NetC13_2
Added Pin To Net: NetName=NetC14_2 Pin=C14-2
Added Pin To Net: NetName=NetC14_2 Pin=H2-6
Added Pin To Net: NetName=NetC14_2 Pin=U1-22
Added Pin To Net: NetName=NetC14_2 Pin=U1-22
Added Net: Name=NetC14_2
Added Pin To Net: NetName=NetC15_2 Pin=C15-2
Added Pin To Net: NetName=NetC15_2 Pin=H2-7
Added Pin To Net: NetName=NetC15_2 Pin=U1-23
Added Pin To Net: NetName=NetC15_2 Pin=U1-23
Added Net: Name=NetC15_2
Added Pin To Net: NetName=NetC16_2 Pin=C16-2
Added Pin To Net: NetName=NetC16_2 Pin=H2-8
Added Pin To Net: NetName=NetC16_2 Pin=U1-24
Added Pin To Net: NetName=NetC16_2 Pin=U1-24
Added Net: Name=NetC16_2
Added Pin To Net: NetName=RF1_N Pin=S7-5
Added Pin To Net: NetName=RF1_N Pin=U1-4
Added Pin To Net: NetName=RF1_N Pin=U1-4
Added Net: Name=RF1_N
Added Pin To Net: NetName=RF1_P Pin=S5-5
Added Pin To Net: NetName=RF1_P Pin=U1-3
Added Pin To Net: NetName=RF1_P Pin=U1-3
Added Net: Name=RF1_P
Added Pin To Net: NetName=RF2_N Pin=S8-5
Added Pin To Net: NetName=RF2_N Pin=U1-14
Added Pin To Net: NetName=RF2_N Pin=U1-14
Added Net: Name=RF2_N
Added Pin To Net: NetName=RF2_P Pin=S6-5
Added Pin To Net: NetName=RF2_P Pin=U1-15
Added Pin To Net: NetName=RF2_P Pin=U1-15
Added Net: Name=RF2_P
Added Pin To Net: NetName=RF3 Pin=S12-5
Added Pin To Net: NetName=RF3 Pin=U1-13
Added Pin To Net: NetName=RF3 Pin=U1-13
Added Net: Name=RF3
Added Pin To Net: NetName=RF4 Pin=S22-5
Added Pin To Net: NetName=RF4 Pin=U1-16
Added Pin To Net: NetName=RF4 Pin=U1-16
Added Net: Name=RF4
Added Differential Pair: Name=RF1
Added Differential Pair: Name=RF2
Added Member To Class: ClassName=sheet1 Member=Component H1 8P
Added Member To Class: ClassName=sheet1 Member=Component H2 8P
Added Member To Class: ClassName=sheet1 Member=Component S5 BWSMA
Added Member To Class: ClassName=sheet1 Member=Component S6 BWSMA
Added Member To Class: ClassName=sheet1 Member=Component S7 BWSMA
Added Member To Class: ClassName=sheet1 Member=Component S8 BWSMA
Added Member To Class: ClassName=sheet1 Member=Component S27 BWSMA
Added Member To Class: ClassName=sheet1 Member=Component S28 BWSMA
Added Member To Class: ClassName=sheet1 Member=Component S30 BWSMA
Added Member To Class: ClassName=sheet1 Member=Component U1 2mm_24p
