Added Component: Designator=H1(8P)
Added Component: Designator=H2(8P)
Added Component: Designator=S1(BWSMA)
Added Component: Designator=S2(BWSMA)
Added Component: Designator=S3(BWSMA)
Added Component: Designator=S4(BWSMA)
Added Component: Designator=S5(BWSMA)
Added Component: Designator=S6(BWSMA)
Added Component: Designator=S7(BWSMA)
Added Component: Designator=S8(BWSMA)
Added Component: Designator=S9(BWSMA)
Added Component: Designator=S10(BWSMA)
Added Component: Designator=S11(BWSMA)
Added Component: Designator=S12(BWSMA)
Added Component: Designator=S13(BWSMA)
Added Component: Designator=S14(BWSMA)
Added Pin To Net: NetName=NetC6_2 Pin=H1-1
Added Pin To Net: NetName=NetC7_2 Pin=H1-2
Added Pin To Net: NetName=NetC8_2 Pin=H1-3
Added Pin To Net: NetName=NetC9_2 Pin=H1-4
Added Pin To Net: NetName=NetC10_2 Pin=H1-5
Added Pin To Net: NetName=NetC11_2 Pin=H1-6
Added Pin To Net: NetName=NetC12_2 Pin=H1-7
Added Pin To Net: NetName=DC9 Pin=H1-8
Added Pin To Net: NetName=NetC2_1 Pin=H2-1
Added Pin To Net: NetName=NetC3_1 Pin=H2-2
Added Pin To Net: NetName=NetC4_1 Pin=H2-3
Added Pin To Net: NetName=NetC5_1 Pin=H2-4
Added Pin To Net: NetName=NetC13_2 Pin=H2-5
Added Pin To Net: NetName=NetC14_2 Pin=H2-6
Added Pin To Net: NetName=NetC15_2 Pin=H2-7
Added Pin To Net: NetName=DC1 Pin=H2-8
Added Pin To Net: NetName=GND Pin=S1-1
Added Pin To Net: NetName=GND Pin=S1-2
Added Pin To Net: NetName=GND Pin=S1-3
Added Pin To Net: NetName=GND Pin=S1-4
Added Pin To Net: NetName=RF1 Pin=S1-5
Added Pin To Net: NetName=GND Pin=S2-1
Added Pin To Net: NetName=GND Pin=S2-2
Added Pin To Net: NetName=GND Pin=S2-3
Added Pin To Net: NetName=GND Pin=S2-4
Added Pin To Net: NetName=RF1_P Pin=S2-5
Added Pin To Net: NetName=GND Pin=S3-1
Added Pin To Net: NetName=GND Pin=S3-2
Added Pin To Net: NetName=GND Pin=S3-3
Added Pin To Net: NetName=GND Pin=S3-4
Added Pin To Net: NetName=RF1_N Pin=S3-5
Added Pin To Net: NetName=GND Pin=S4-1
Added Pin To Net: NetName=GND Pin=S4-2
Added Pin To Net: NetName=GND Pin=S4-3
Added Pin To Net: NetName=GND Pin=S4-4
Added Pin To Net: NetName=RF2 Pin=S4-5
Added Pin To Net: NetName=GND Pin=S5-1
Added Pin To Net: NetName=GND Pin=S5-2
Added Pin To Net: NetName=GND Pin=S5-3
Added Pin To Net: NetName=GND Pin=S5-4
Added Pin To Net: NetName=RF3 Pin=S5-5
Added Pin To Net: NetName=GND Pin=S6-1
Added Pin To Net: NetName=GND Pin=S6-2
Added Pin To Net: NetName=GND Pin=S6-3
Added Pin To Net: NetName=GND Pin=S6-4
Added Pin To Net: NetName=RF2_N Pin=S6-5
Added Pin To Net: NetName=GND Pin=S7-1
Added Pin To Net: NetName=GND Pin=S7-2
Added Pin To Net: NetName=GND Pin=S7-3
Added Pin To Net: NetName=GND Pin=S7-4
Added Pin To Net: NetName=RF2_P Pin=S7-5
Added Pin To Net: NetName=GND Pin=S8-1
Added Pin To Net: NetName=GND Pin=S8-2
Added Pin To Net: NetName=GND Pin=S8-3
Added Pin To Net: NetName=GND Pin=S8-4
Added Pin To Net: NetName=RF4 Pin=S8-5
Added Pin To Net: NetName=GND Pin=S9-1
Added Pin To Net: NetName=GND Pin=S9-2
Added Pin To Net: NetName=GND Pin=S9-3
Added Pin To Net: NetName=GND Pin=S9-4
Added Pin To Net: NetName=NetS9_5 Pin=S9-5
Added Pin To Net: NetName=GND Pin=S10-1
Added Pin To Net: NetName=GND Pin=S10-2
Added Pin To Net: NetName=GND Pin=S10-3
Added Pin To Net: NetName=GND Pin=S10-4
Added Pin To Net: NetName=NetS9_5 Pin=S10-5
Added Pin To Net: NetName=GND Pin=S11-1
Added Pin To Net: NetName=GND Pin=S11-2
Added Pin To Net: NetName=GND Pin=S11-3
Added Pin To Net: NetName=GND Pin=S11-4
Added Pin To Net: NetName=RF_P Pin=S11-5
Added Pin To Net: NetName=GND Pin=S12-1
Added Pin To Net: NetName=GND Pin=S12-2
Added Pin To Net: NetName=GND Pin=S12-3
Added Pin To Net: NetName=GND Pin=S12-4
Added Pin To Net: NetName=RF_P Pin=S12-5
Added Pin To Net: NetName=GND Pin=S13-1
Added Pin To Net: NetName=GND Pin=S13-2
Added Pin To Net: NetName=GND Pin=S13-3
Added Pin To Net: NetName=GND Pin=S13-4
Added Pin To Net: NetName=RF_N Pin=S13-5
Added Pin To Net: NetName=GND Pin=S14-1
Added Pin To Net: NetName=GND Pin=S14-2
Added Pin To Net: NetName=GND Pin=S14-3
Added Pin To Net: NetName=GND Pin=S14-4
Added Pin To Net: NetName=RF_N Pin=S14-5
Added Member To Class: ClassName=sheet1 Member=Component H1 8P
Added Member To Class: ClassName=sheet1 Member=Component H2 8P
Added Member To Class: ClassName=sheet1 Member=Component S1 BWSMA
Added Member To Class: ClassName=sheet1 Member=Component S2 BWSMA
Added Member To Class: ClassName=sheet1 Member=Component S3 BWSMA
Added Member To Class: ClassName=sheet1 Member=Component S4 BWSMA
Added Member To Class: ClassName=sheet1 Member=Component S5 BWSMA
Added Member To Class: ClassName=sheet1 Member=Component S6 BWSMA
Added Member To Class: ClassName=sheet1 Member=Component S7 BWSMA
Added Member To Class: ClassName=sheet1 Member=Component S8 BWSMA
Added Member To Class: ClassName=sheet1 Member=Component S9 BWSMA
Added Member To Class: ClassName=sheet1 Member=Component S10 BWSMA
Added Member To Class: ClassName=sheet1 Member=Component S11 BWSMA
Added Member To Class: ClassName=sheet1 Member=Component S12 BWSMA
Added Member To Class: ClassName=sheet1 Member=Component S13 BWSMA
Added Member To Class: ClassName=sheet1 Member=Component S14 BWSMA
