Removed Pin From Net: NetName=R1_P Pin=Chip-1
Removed Pin From Net: NetName=R1_P Pin=Chip-1
Removed Pin From Net: NetName=R1_N Pin=Chip-2
Removed Pin From Net: NetName=R1_N Pin=Chip-2
Removed Pin From Net: NetName=R7 Pin=Chip-3
Removed Pin From Net: NetName=R7 Pin=Chip-3
Removed Pin From Net: NetName=R8 Pin=Chip-4
Removed Pin From Net: NetName=R8 Pin=Chip-4
Removed Pin From Net: NetName=NetH4_1 Pin=Chip-5
Removed Pin From Net: NetName=NetH4_1 Pin=Chip-5
Removed Pin From Net: NetName=NetH4_2 Pin=Chip-6
Removed Pin From Net: NetName=NetH4_2 Pin=Chip-6
Removed Pin From Net: NetName=NetC2_2 Pin=Chip-7
Removed Pin From Net: NetName=NetC2_2 Pin=Chip-7
Removed Pin From Net: NetName=NetH4_4 Pin=Chip-8
Removed Pin From Net: NetName=NetH4_4 Pin=Chip-8
Removed Pin From Net: NetName=R5 Pin=Chip-9
Removed Pin From Net: NetName=R5 Pin=Chip-9
Removed Pin From Net: NetName=R6 Pin=Chip-10
Removed Pin From Net: NetName=R6 Pin=Chip-10
Removed Pin From Net: NetName=R2_P Pin=Chip-11
Removed Pin From Net: NetName=R2_P Pin=Chip-11
Removed Pin From Net: NetName=R2_N Pin=Chip-12
Removed Pin From Net: NetName=R2_N Pin=Chip-12
Removed Pin From Net: NetName=NetH3_1 Pin=Chip-13
Removed Pin From Net: NetName=NetH3_1 Pin=Chip-13
Removed Pin From Net: NetName=NetH3_2 Pin=Chip-14
Removed Pin From Net: NetName=NetH3_2 Pin=Chip-14
Removed Pin From Net: NetName=NetC1_2 Pin=Chip-15
Removed Pin From Net: NetName=NetC1_2 Pin=Chip-15
Removed Pin From Net: NetName=NetH3_4 Pin=Chip-16
Removed Pin From Net: NetName=NetH3_4 Pin=Chip-16
Removed Member From Class: ClassName=Sheet2 Member=Chip
Add Pin To Net: Unknown Pin: Pin U?-1
Add Pin To Net: Unknown Pin: Pin U?-2
Add Pin To Net: Unknown Pin: Pin U?-3
Add Pin To Net: Unknown Pin: Pin U?-4
Add Pin To Net: Unknown Pin: Pin U?-5
Add Pin To Net: Unknown Pin: Pin U?-6
Add Pin To Net: Unknown Pin: Pin U?-7
Add Pin To Net: Unknown Pin: Pin U?-8
Add Pin To Net: Unknown Pin: Pin U?-9
Add Pin To Net: Unknown Pin: Pin U?-10
Add Pin To Net: Unknown Pin: Pin U?-11
Add Pin To Net: Unknown Pin: Pin U?-12
Add Pin To Net: Unknown Pin: Pin U?-13
Add Pin To Net: Unknown Pin: Pin U?-14
Add Pin To Net: Unknown Pin: Pin U?-15
Add Pin To Net: Unknown Pin: Pin U?-16
Add Class Member: Failed to add class member : Component U? chip1
