Added Component: Designator=U1(chip1)
Added Pin To Net: NetName=R1_P Pin=U1-1
Added Pin To Net: NetName=R1_P Pin=U1-1
Added Pin To Net: NetName=R1_N Pin=U1-2
Added Pin To Net: NetName=R1_N Pin=U1-2
Added Pin To Net: NetName=R7 Pin=U1-3
Added Pin To Net: NetName=R7 Pin=U1-3
Added Pin To Net: NetName=R8 Pin=U1-4
Added Pin To Net: NetName=R8 Pin=U1-4
Added Pin To Net: NetName=NetH4_1 Pin=U1-5
Added Pin To Net: NetName=NetH4_1 Pin=U1-5
Added Pin To Net: NetName=NetH4_2 Pin=U1-6
Added Pin To Net: NetName=NetH4_2 Pin=U1-6
Added Pin To Net: NetName=NetC2_2 Pin=U1-7
Added Pin To Net: NetName=NetC2_2 Pin=U1-7
Added Pin To Net: NetName=NetH4_4 Pin=U1-8
Added Pin To Net: NetName=NetH4_4 Pin=U1-8
Added Pin To Net: NetName=R5 Pin=U1-9
Added Pin To Net: NetName=R5 Pin=U1-9
Added Pin To Net: NetName=R6 Pin=U1-10
Added Pin To Net: NetName=R6 Pin=U1-10
Added Pin To Net: NetName=R2_P Pin=U1-11
Added Pin To Net: NetName=R2_P Pin=U1-11
Added Pin To Net: NetName=R2_N Pin=U1-12
Added Pin To Net: NetName=R2_N Pin=U1-12
Added Pin To Net: NetName=NetH3_1 Pin=U1-13
Added Pin To Net: NetName=NetH3_1 Pin=U1-13
Added Pin To Net: NetName=NetH3_2 Pin=U1-14
Added Pin To Net: NetName=NetH3_2 Pin=U1-14
Added Pin To Net: NetName=NetC1_2 Pin=U1-15
Added Pin To Net: NetName=NetC1_2 Pin=U1-15
Added Pin To Net: NetName=NetH3_4 Pin=U1-16
Added Pin To Net: NetName=NetH3_4 Pin=U1-16
Added Member To Class: ClassName=Sheet2 Member=Component U1 chip1
